2022-07-08 08:35:21.514 GMT Thread[main,5,main] Cleanup action starting
java.sql.SQLException: Failed to start database 'jar:(GitHubRepositories/edTAD_B2B/create-bridgedb-secondary2primary/output/hgncSymbol.bridge)database', see the next exception for details.
	at org.apache.derby.impl.jdbc.SQLExceptionFactory40.getSQLException(Unknown Source)
	at org.apache.derby.impl.jdbc.Util.newEmbedSQLException(Unknown Source)
	at org.apache.derby.impl.jdbc.Util.seeNextException(Unknown Source)
	at org.apache.derby.impl.jdbc.EmbedConnection.bootDatabase(Unknown Source)
	at org.apache.derby.impl.jdbc.EmbedConnection.<init>(Unknown Source)
	at org.apache.derby.impl.jdbc.EmbedConnection30.<init>(Unknown Source)
	at org.apache.derby.impl.jdbc.EmbedConnection40.<init>(Unknown Source)
	at org.apache.derby.jdbc.Driver40.getNewEmbedConnection(Unknown Source)
	at org.apache.derby.jdbc.InternalDriver.connect(Unknown Source)
	at org.apache.derby.jdbc.AutoloadedDriver.connect(Unknown Source)
	at java.sql/java.sql.DriverManager.getConnection(DriverManager.java:677)
	at java.sql/java.sql.DriverManager.getConnection(DriverManager.java:251)
	at org.bridgedb.rdb.SimpleGdbFactory.createInstance(SimpleGdbFactory.java:59)
	at java.base/jdk.internal.reflect.NativeMethodAccessorImpl.invoke0(Native Method)
	at java.base/jdk.internal.reflect.NativeMethodAccessorImpl.invoke(NativeMethodAccessorImpl.java:62)
	at java.base/jdk.internal.reflect.DelegatingMethodAccessorImpl.invoke(DelegatingMethodAccessorImpl.java:43)
	at java.base/java.lang.reflect.Method.invoke(Method.java:566)
	at RJavaTools.invokeMethod(RJavaTools.java:399)
Caused by: java.sql.SQLException: Failed to start database 'jar:(GitHubRepositories/edTAD_B2B/create-bridgedb-secondary2primary/output/hgncSymbol.bridge)database', see the next exception for details.
	at org.apache.derby.impl.jdbc.SQLExceptionFactory.getSQLException(Unknown Source)
	at org.apache.derby.impl.jdbc.SQLExceptionFactory40.wrapArgsForTransportAcrossDRDA(Unknown Source)
	... 18 more
Caused by: java.sql.SQLException: Java exception: 'GitHubRepositories\edTAD_B2B\create-bridgedb-secondary2primary\output\hgncSymbol.bridge: java.nio.file.NoSuchFileException'.
	at org.apache.derby.impl.jdbc.SQLExceptionFactory.getSQLException(Unknown Source)
	at org.apache.derby.impl.jdbc.SQLExceptionFactory40.wrapArgsForTransportAcrossDRDA(Unknown Source)
	at org.apache.derby.impl.jdbc.SQLExceptionFactory40.getSQLException(Unknown Source)
	at org.apache.derby.impl.jdbc.Util.newEmbedSQLException(Unknown Source)
	at org.apache.derby.impl.jdbc.Util.javaException(Unknown Source)
	... 15 more
Caused by: java.nio.file.NoSuchFileException: GitHubRepositories\edTAD_B2B\create-bridgedb-secondary2primary\output\hgncSymbol.bridge
	at java.base/sun.nio.fs.WindowsException.translateToIOException(WindowsException.java:85)
	at java.base/sun.nio.fs.WindowsException.rethrowAsIOException(WindowsException.java:103)
	at java.base/sun.nio.fs.WindowsException.rethrowAsIOException(WindowsException.java:108)
	at java.base/sun.nio.fs.WindowsFileAttributeViews$Basic.readAttributes(WindowsFileAttributeViews.java:53)
	at java.base/sun.nio.fs.WindowsFileAttributeViews$Basic.readAttributes(WindowsFileAttributeViews.java:38)
	at java.base/sun.nio.fs.WindowsFileSystemProvider.readAttributes(WindowsFileSystemProvider.java:198)
	at java.base/java.nio.file.Files.readAttributes(Files.java:1764)
	at java.base/java.util.zip.ZipFile$Source.get(ZipFile.java:1250)
	at java.base/java.util.zip.ZipFile$CleanableResource.<init>(ZipFile.java:733)
	at java.base/java.util.zip.ZipFile$CleanableResource.get(ZipFile.java:842)
	at java.base/java.util.zip.ZipFile.<init>(ZipFile.java:248)
	at java.base/java.util.zip.ZipFile.<init>(ZipFile.java:177)
	at java.base/java.util.zip.ZipFile.<init>(ZipFile.java:191)
	at org.apache.derby.impl.io.JarStorageFactory.doInit(Unknown Source)
	at org.apache.derby.impl.io.BaseStorageFactory.init(Unknown Source)
	at org.apache.derby.impl.services.monitor.StorageFactoryService.privGetStorageFactoryInstance(Unknown Source)
	at org.apache.derby.impl.services.monitor.StorageFactoryService.access$400(Unknown Source)
	at org.apache.derby.impl.services.monitor.StorageFactoryService$11.run(Unknown Source)
	at java.base/java.security.AccessController.doPrivileged(Native Method)
	at org.apache.derby.impl.services.monitor.StorageFactoryService.getCanonicalServiceName(Unknown Source)
	at org.apache.derby.impl.services.monitor.BaseMonitor.findProviderAndStartService(Unknown Source)
	at org.apache.derby.impl.services.monitor.BaseMonitor.startPersistentService(Unknown Source)
	at org.apache.derby.iapi.services.monitor.Monitor.startPersistentService(Unknown Source)
	... 15 more
============= begin nested exception, level (1) ===========
java.sql.SQLException: Java exception: 'GitHubRepositories\edTAD_B2B\create-bridgedb-secondary2primary\output\hgncSymbol.bridge: java.nio.file.NoSuchFileException'.
	at org.apache.derby.impl.jdbc.SQLExceptionFactory40.getSQLException(Unknown Source)
	at org.apache.derby.impl.jdbc.Util.newEmbedSQLException(Unknown Source)
	at org.apache.derby.impl.jdbc.Util.javaException(Unknown Source)
	at org.apache.derby.impl.jdbc.EmbedConnection.bootDatabase(Unknown Source)
	at org.apache.derby.impl.jdbc.EmbedConnection.<init>(Unknown Source)
	at org.apache.derby.impl.jdbc.EmbedConnection30.<init>(Unknown Source)
	at org.apache.derby.impl.jdbc.EmbedConnection40.<init>(Unknown Source)
	at org.apache.derby.jdbc.Driver40.getNewEmbedConnection(Unknown Source)
	at org.apache.derby.jdbc.InternalDriver.connect(Unknown Source)
	at org.apache.derby.jdbc.AutoloadedDriver.connect(Unknown Source)
	at java.sql/java.sql.DriverManager.getConnection(DriverManager.java:677)
	at java.sql/java.sql.DriverManager.getConnection(DriverManager.java:251)
	at org.bridgedb.rdb.SimpleGdbFactory.createInstance(SimpleGdbFactory.java:59)
	at java.base/jdk.internal.reflect.NativeMethodAccessorImpl.invoke0(Native Method)
	at java.base/jdk.internal.reflect.NativeMethodAccessorImpl.invoke(NativeMethodAccessorImpl.java:62)
	at java.base/jdk.internal.reflect.DelegatingMethodAccessorImpl.invoke(DelegatingMethodAccessorImpl.java:43)
	at java.base/java.lang.reflect.Method.invoke(Method.java:566)
	at RJavaTools.invokeMethod(RJavaTools.java:399)
Caused by: java.sql.SQLException: Java exception: 'GitHubRepositories\edTAD_B2B\create-bridgedb-secondary2primary\output\hgncSymbol.bridge: java.nio.file.NoSuchFileException'.
	at org.apache.derby.impl.jdbc.SQLExceptionFactory.getSQLException(Unknown Source)
	at org.apache.derby.impl.jdbc.SQLExceptionFactory40.wrapArgsForTransportAcrossDRDA(Unknown Source)
	... 18 more
Caused by: java.nio.file.NoSuchFileException: GitHubRepositories\edTAD_B2B\create-bridgedb-secondary2primary\output\hgncSymbol.bridge
	at java.base/sun.nio.fs.WindowsException.translateToIOException(WindowsException.java:85)
	at java.base/sun.nio.fs.WindowsException.rethrowAsIOException(WindowsException.java:103)
	at java.base/sun.nio.fs.WindowsException.rethrowAsIOException(WindowsException.java:108)
	at java.base/sun.nio.fs.WindowsFileAttributeViews$Basic.readAttributes(WindowsFileAttributeViews.java:53)
	at java.base/sun.nio.fs.WindowsFileAttributeViews$Basic.readAttributes(WindowsFileAttributeViews.java:38)
	at java.base/sun.nio.fs.WindowsFileSystemProvider.readAttributes(WindowsFileSystemProvider.java:198)
	at java.base/java.nio.file.Files.readAttributes(Files.java:1764)
	at java.base/java.util.zip.ZipFile$Source.get(ZipFile.java:1250)
	at java.base/java.util.zip.ZipFile$CleanableResource.<init>(ZipFile.java:733)
	at java.base/java.util.zip.ZipFile$CleanableResource.get(ZipFile.java:842)
	at java.base/java.util.zip.ZipFile.<init>(ZipFile.java:248)
	at java.base/java.util.zip.ZipFile.<init>(ZipFile.java:177)
	at java.base/java.util.zip.ZipFile.<init>(ZipFile.java:191)
	at org.apache.derby.impl.io.JarStorageFactory.doInit(Unknown Source)
	at org.apache.derby.impl.io.BaseStorageFactory.init(Unknown Source)
	at org.apache.derby.impl.services.monitor.StorageFactoryService.privGetStorageFactoryInstance(Unknown Source)
	at org.apache.derby.impl.services.monitor.StorageFactoryService.access$400(Unknown Source)
	at org.apache.derby.impl.services.monitor.StorageFactoryService$11.run(Unknown Source)
	at java.base/java.security.AccessController.doPrivileged(Native Method)
	at org.apache.derby.impl.services.monitor.StorageFactoryService.getCanonicalServiceName(Unknown Source)
	at org.apache.derby.impl.services.monitor.BaseMonitor.findProviderAndStartService(Unknown Source)
	at org.apache.derby.impl.services.monitor.BaseMonitor.startPersistentService(Unknown Source)
	at org.apache.derby.iapi.services.monitor.Monitor.startPersistentService(Unknown Source)
	... 15 more
============= end nested exception, level (1) ===========
============= begin nested exception, level (2) ===========
java.sql.SQLException: Java exception: 'GitHubRepositories\edTAD_B2B\create-bridgedb-secondary2primary\output\hgncSymbol.bridge: java.nio.file.NoSuchFileException'.
	at org.apache.derby.impl.jdbc.SQLExceptionFactory.getSQLException(Unknown Source)
	at org.apache.derby.impl.jdbc.SQLExceptionFactory40.wrapArgsForTransportAcrossDRDA(Unknown Source)
	at org.apache.derby.impl.jdbc.SQLExceptionFactory40.getSQLException(Unknown Source)
	at org.apache.derby.impl.jdbc.Util.newEmbedSQLException(Unknown Source)
	at org.apache.derby.impl.jdbc.Util.javaException(Unknown Source)
	at org.apache.derby.impl.jdbc.EmbedConnection.bootDatabase(Unknown Source)
	at org.apache.derby.impl.jdbc.EmbedConnection.<init>(Unknown Source)
	at org.apache.derby.impl.jdbc.EmbedConnection30.<init>(Unknown Source)
	at org.apache.derby.impl.jdbc.EmbedConnection40.<init>(Unknown Source)
	at org.apache.derby.jdbc.Driver40.getNewEmbedConnection(Unknown Source)
	at org.apache.derby.jdbc.InternalDriver.connect(Unknown Source)
	at org.apache.derby.jdbc.AutoloadedDriver.connect(Unknown Source)
	at java.sql/java.sql.DriverManager.getConnection(DriverManager.java:677)
	at java.sql/java.sql.DriverManager.getConnection(DriverManager.java:251)
	at org.bridgedb.rdb.SimpleGdbFactory.createInstance(SimpleGdbFactory.java:59)
	at java.base/jdk.internal.reflect.NativeMethodAccessorImpl.invoke0(Native Method)
	at java.base/jdk.internal.reflect.NativeMethodAccessorImpl.invoke(NativeMethodAccessorImpl.java:62)
	at java.base/jdk.internal.reflect.DelegatingMethodAccessorImpl.invoke(DelegatingMethodAccessorImpl.java:43)
	at java.base/java.lang.reflect.Method.invoke(Method.java:566)
	at RJavaTools.invokeMethod(RJavaTools.java:399)
Caused by: java.nio.file.NoSuchFileException: GitHubRepositories\edTAD_B2B\create-bridgedb-secondary2primary\output\hgncSymbol.bridge
	at java.base/sun.nio.fs.WindowsException.translateToIOException(WindowsException.java:85)
	at java.base/sun.nio.fs.WindowsException.rethrowAsIOException(WindowsException.java:103)
	at java.base/sun.nio.fs.WindowsException.rethrowAsIOException(WindowsException.java:108)
	at java.base/sun.nio.fs.WindowsFileAttributeViews$Basic.readAttributes(WindowsFileAttributeViews.java:53)
	at java.base/sun.nio.fs.WindowsFileAttributeViews$Basic.readAttributes(WindowsFileAttributeViews.java:38)
	at java.base/sun.nio.fs.WindowsFileSystemProvider.readAttributes(WindowsFileSystemProvider.java:198)
	at java.base/java.nio.file.Files.readAttributes(Files.java:1764)
	at java.base/java.util.zip.ZipFile$Source.get(ZipFile.java:1250)
	at java.base/java.util.zip.ZipFile$CleanableResource.<init>(ZipFile.java:733)
	at java.base/java.util.zip.ZipFile$CleanableResource.get(ZipFile.java:842)
	at java.base/java.util.zip.ZipFile.<init>(ZipFile.java:248)
	at java.base/java.util.zip.ZipFile.<init>(ZipFile.java:177)
	at java.base/java.util.zip.ZipFile.<init>(ZipFile.java:191)
	at org.apache.derby.impl.io.JarStorageFactory.doInit(Unknown Source)
	at org.apache.derby.impl.io.BaseStorageFactory.init(Unknown Source)
	at org.apache.derby.impl.services.monitor.StorageFactoryService.privGetStorageFactoryInstance(Unknown Source)
	at org.apache.derby.impl.services.monitor.StorageFactoryService.access$400(Unknown Source)
	at org.apache.derby.impl.services.monitor.StorageFactoryService$11.run(Unknown Source)
	at java.base/java.security.AccessController.doPrivileged(Native Method)
	at org.apache.derby.impl.services.monitor.StorageFactoryService.getCanonicalServiceName(Unknown Source)
	at org.apache.derby.impl.services.monitor.BaseMonitor.findProviderAndStartService(Unknown Source)
	at org.apache.derby.impl.services.monitor.BaseMonitor.startPersistentService(Unknown Source)
	at org.apache.derby.iapi.services.monitor.Monitor.startPersistentService(Unknown Source)
	... 15 more
============= end nested exception, level (2) ===========
============= begin nested exception, level (3) ===========
java.nio.file.NoSuchFileException: GitHubRepositories\edTAD_B2B\create-bridgedb-secondary2primary\output\hgncSymbol.bridge
	at java.base/sun.nio.fs.WindowsException.translateToIOException(WindowsException.java:85)
	at java.base/sun.nio.fs.WindowsException.rethrowAsIOException(WindowsException.java:103)
	at java.base/sun.nio.fs.WindowsException.rethrowAsIOException(WindowsException.java:108)
	at java.base/sun.nio.fs.WindowsFileAttributeViews$Basic.readAttributes(WindowsFileAttributeViews.java:53)
	at java.base/sun.nio.fs.WindowsFileAttributeViews$Basic.readAttributes(WindowsFileAttributeViews.java:38)
	at java.base/sun.nio.fs.WindowsFileSystemProvider.readAttributes(WindowsFileSystemProvider.java:198)
	at java.base/java.nio.file.Files.readAttributes(Files.java:1764)
	at java.base/java.util.zip.ZipFile$Source.get(ZipFile.java:1250)
	at java.base/java.util.zip.ZipFile$CleanableResource.<init>(ZipFile.java:733)
	at java.base/java.util.zip.ZipFile$CleanableResource.get(ZipFile.java:842)
	at java.base/java.util.zip.ZipFile.<init>(ZipFile.java:248)
	at java.base/java.util.zip.ZipFile.<init>(ZipFile.java:177)
	at java.base/java.util.zip.ZipFile.<init>(ZipFile.java:191)
	at org.apache.derby.impl.io.JarStorageFactory.doInit(Unknown Source)
	at org.apache.derby.impl.io.BaseStorageFactory.init(Unknown Source)
	at org.apache.derby.impl.services.monitor.StorageFactoryService.privGetStorageFactoryInstance(Unknown Source)
	at org.apache.derby.impl.services.monitor.StorageFactoryService.access$400(Unknown Source)
	at org.apache.derby.impl.services.monitor.StorageFactoryService$11.run(Unknown Source)
	at java.base/java.security.AccessController.doPrivileged(Native Method)
	at org.apache.derby.impl.services.monitor.StorageFactoryService.getCanonicalServiceName(Unknown Source)
	at org.apache.derby.impl.services.monitor.BaseMonitor.findProviderAndStartService(Unknown Source)
	at org.apache.derby.impl.services.monitor.BaseMonitor.startPersistentService(Unknown Source)
	at org.apache.derby.iapi.services.monitor.Monitor.startPersistentService(Unknown Source)
	at org.apache.derby.impl.jdbc.EmbedConnection.bootDatabase(Unknown Source)
	at org.apache.derby.impl.jdbc.EmbedConnection.<init>(Unknown Source)
	at org.apache.derby.impl.jdbc.EmbedConnection30.<init>(Unknown Source)
	at org.apache.derby.impl.jdbc.EmbedConnection40.<init>(Unknown Source)
	at org.apache.derby.jdbc.Driver40.getNewEmbedConnection(Unknown Source)
	at org.apache.derby.jdbc.InternalDriver.connect(Unknown Source)
	at org.apache.derby.jdbc.AutoloadedDriver.connect(Unknown Source)
	at java.sql/java.sql.DriverManager.getConnection(DriverManager.java:677)
	at java.sql/java.sql.DriverManager.getConnection(DriverManager.java:251)
	at org.bridgedb.rdb.SimpleGdbFactory.createInstance(SimpleGdbFactory.java:59)
	at java.base/jdk.internal.reflect.NativeMethodAccessorImpl.invoke0(Native Method)
	at java.base/jdk.internal.reflect.NativeMethodAccessorImpl.invoke(NativeMethodAccessorImpl.java:62)
	at java.base/jdk.internal.reflect.DelegatingMethodAccessorImpl.invoke(DelegatingMethodAccessorImpl.java:43)
	at java.base/java.lang.reflect.Method.invoke(Method.java:566)
	at RJavaTools.invokeMethod(RJavaTools.java:399)
============= end nested exception, level (3) ===========
Cleanup action completed
2022-07-08 08:36:15.201 GMT Thread[main,5,main] Cleanup action starting
java.sql.SQLException: Failed to start database 'jar:(GitHubRepositories/edTAD_B2B/create-bridgedb-secondary2primary/output/hgnc_all_secIds)database', see the next exception for details.
	at org.apache.derby.impl.jdbc.SQLExceptionFactory40.getSQLException(Unknown Source)
	at org.apache.derby.impl.jdbc.Util.newEmbedSQLException(Unknown Source)
	at org.apache.derby.impl.jdbc.Util.seeNextException(Unknown Source)
	at org.apache.derby.impl.jdbc.EmbedConnection.bootDatabase(Unknown Source)
	at org.apache.derby.impl.jdbc.EmbedConnection.<init>(Unknown Source)
	at org.apache.derby.impl.jdbc.EmbedConnection30.<init>(Unknown Source)
	at org.apache.derby.impl.jdbc.EmbedConnection40.<init>(Unknown Source)
	at org.apache.derby.jdbc.Driver40.getNewEmbedConnection(Unknown Source)
	at org.apache.derby.jdbc.InternalDriver.connect(Unknown Source)
	at org.apache.derby.jdbc.AutoloadedDriver.connect(Unknown Source)
	at java.sql/java.sql.DriverManager.getConnection(DriverManager.java:677)
	at java.sql/java.sql.DriverManager.getConnection(DriverManager.java:251)
	at org.bridgedb.rdb.SimpleGdbFactory.createInstance(SimpleGdbFactory.java:59)
	at java.base/jdk.internal.reflect.NativeMethodAccessorImpl.invoke0(Native Method)
	at java.base/jdk.internal.reflect.NativeMethodAccessorImpl.invoke(NativeMethodAccessorImpl.java:62)
	at java.base/jdk.internal.reflect.DelegatingMethodAccessorImpl.invoke(DelegatingMethodAccessorImpl.java:43)
	at java.base/java.lang.reflect.Method.invoke(Method.java:566)
	at RJavaTools.invokeMethod(RJavaTools.java:399)
Caused by: java.sql.SQLException: Failed to start database 'jar:(GitHubRepositories/edTAD_B2B/create-bridgedb-secondary2primary/output/hgnc_all_secIds)database', see the next exception for details.
	at org.apache.derby.impl.jdbc.SQLExceptionFactory.getSQLException(Unknown Source)
	at org.apache.derby.impl.jdbc.SQLExceptionFactory40.wrapArgsForTransportAcrossDRDA(Unknown Source)
	... 18 more
Caused by: java.sql.SQLException: Java exception: 'GitHubRepositories\edTAD_B2B\create-bridgedb-secondary2primary\output\hgnc_all_secIds: java.nio.file.NoSuchFileException'.
	at org.apache.derby.impl.jdbc.SQLExceptionFactory.getSQLException(Unknown Source)
	at org.apache.derby.impl.jdbc.SQLExceptionFactory40.wrapArgsForTransportAcrossDRDA(Unknown Source)
	at org.apache.derby.impl.jdbc.SQLExceptionFactory40.getSQLException(Unknown Source)
	at org.apache.derby.impl.jdbc.Util.newEmbedSQLException(Unknown Source)
	at org.apache.derby.impl.jdbc.Util.javaException(Unknown Source)
	... 15 more
Caused by: java.nio.file.NoSuchFileException: GitHubRepositories\edTAD_B2B\create-bridgedb-secondary2primary\output\hgnc_all_secIds
	at java.base/sun.nio.fs.WindowsException.translateToIOException(WindowsException.java:85)
	at java.base/sun.nio.fs.WindowsException.rethrowAsIOException(WindowsException.java:103)
	at java.base/sun.nio.fs.WindowsException.rethrowAsIOException(WindowsException.java:108)
	at java.base/sun.nio.fs.WindowsFileAttributeViews$Basic.readAttributes(WindowsFileAttributeViews.java:53)
	at java.base/sun.nio.fs.WindowsFileAttributeViews$Basic.readAttributes(WindowsFileAttributeViews.java:38)
	at java.base/sun.nio.fs.WindowsFileSystemProvider.readAttributes(WindowsFileSystemProvider.java:198)
	at java.base/java.nio.file.Files.readAttributes(Files.java:1764)
	at java.base/java.util.zip.ZipFile$Source.get(ZipFile.java:1250)
	at java.base/java.util.zip.ZipFile$CleanableResource.<init>(ZipFile.java:733)
	at java.base/java.util.zip.ZipFile$CleanableResource.get(ZipFile.java:842)
	at java.base/java.util.zip.ZipFile.<init>(ZipFile.java:248)
	at java.base/java.util.zip.ZipFile.<init>(ZipFile.java:177)
	at java.base/java.util.zip.ZipFile.<init>(ZipFile.java:191)
	at org.apache.derby.impl.io.JarStorageFactory.doInit(Unknown Source)
	at org.apache.derby.impl.io.BaseStorageFactory.init(Unknown Source)
	at org.apache.derby.impl.services.monitor.StorageFactoryService.privGetStorageFactoryInstance(Unknown Source)
	at org.apache.derby.impl.services.monitor.StorageFactoryService.access$400(Unknown Source)
	at org.apache.derby.impl.services.monitor.StorageFactoryService$11.run(Unknown Source)
	at java.base/java.security.AccessController.doPrivileged(Native Method)
	at org.apache.derby.impl.services.monitor.StorageFactoryService.getCanonicalServiceName(Unknown Source)
	at org.apache.derby.impl.services.monitor.BaseMonitor.findProviderAndStartService(Unknown Source)
	at org.apache.derby.impl.services.monitor.BaseMonitor.startPersistentService(Unknown Source)
	at org.apache.derby.iapi.services.monitor.Monitor.startPersistentService(Unknown Source)
	... 15 more
============= begin nested exception, level (1) ===========
java.sql.SQLException: Java exception: 'GitHubRepositories\edTAD_B2B\create-bridgedb-secondary2primary\output\hgnc_all_secIds: java.nio.file.NoSuchFileException'.
	at org.apache.derby.impl.jdbc.SQLExceptionFactory40.getSQLException(Unknown Source)
	at org.apache.derby.impl.jdbc.Util.newEmbedSQLException(Unknown Source)
	at org.apache.derby.impl.jdbc.Util.javaException(Unknown Source)
	at org.apache.derby.impl.jdbc.EmbedConnection.bootDatabase(Unknown Source)
	at org.apache.derby.impl.jdbc.EmbedConnection.<init>(Unknown Source)
	at org.apache.derby.impl.jdbc.EmbedConnection30.<init>(Unknown Source)
	at org.apache.derby.impl.jdbc.EmbedConnection40.<init>(Unknown Source)
	at org.apache.derby.jdbc.Driver40.getNewEmbedConnection(Unknown Source)
	at org.apache.derby.jdbc.InternalDriver.connect(Unknown Source)
	at org.apache.derby.jdbc.AutoloadedDriver.connect(Unknown Source)
	at java.sql/java.sql.DriverManager.getConnection(DriverManager.java:677)
	at java.sql/java.sql.DriverManager.getConnection(DriverManager.java:251)
	at org.bridgedb.rdb.SimpleGdbFactory.createInstance(SimpleGdbFactory.java:59)
	at java.base/jdk.internal.reflect.NativeMethodAccessorImpl.invoke0(Native Method)
	at java.base/jdk.internal.reflect.NativeMethodAccessorImpl.invoke(NativeMethodAccessorImpl.java:62)
	at java.base/jdk.internal.reflect.DelegatingMethodAccessorImpl.invoke(DelegatingMethodAccessorImpl.java:43)
	at java.base/java.lang.reflect.Method.invoke(Method.java:566)
	at RJavaTools.invokeMethod(RJavaTools.java:399)
Caused by: java.sql.SQLException: Java exception: 'GitHubRepositories\edTAD_B2B\create-bridgedb-secondary2primary\output\hgnc_all_secIds: java.nio.file.NoSuchFileException'.
	at org.apache.derby.impl.jdbc.SQLExceptionFactory.getSQLException(Unknown Source)
	at org.apache.derby.impl.jdbc.SQLExceptionFactory40.wrapArgsForTransportAcrossDRDA(Unknown Source)
	... 18 more
Caused by: java.nio.file.NoSuchFileException: GitHubRepositories\edTAD_B2B\create-bridgedb-secondary2primary\output\hgnc_all_secIds
	at java.base/sun.nio.fs.WindowsException.translateToIOException(WindowsException.java:85)
	at java.base/sun.nio.fs.WindowsException.rethrowAsIOException(WindowsException.java:103)
	at java.base/sun.nio.fs.WindowsException.rethrowAsIOException(WindowsException.java:108)
	at java.base/sun.nio.fs.WindowsFileAttributeViews$Basic.readAttributes(WindowsFileAttributeViews.java:53)
	at java.base/sun.nio.fs.WindowsFileAttributeViews$Basic.readAttributes(WindowsFileAttributeViews.java:38)
	at java.base/sun.nio.fs.WindowsFileSystemProvider.readAttributes(WindowsFileSystemProvider.java:198)
	at java.base/java.nio.file.Files.readAttributes(Files.java:1764)
	at java.base/java.util.zip.ZipFile$Source.get(ZipFile.java:1250)
	at java.base/java.util.zip.ZipFile$CleanableResource.<init>(ZipFile.java:733)
	at java.base/java.util.zip.ZipFile$CleanableResource.get(ZipFile.java:842)
	at java.base/java.util.zip.ZipFile.<init>(ZipFile.java:248)
	at java.base/java.util.zip.ZipFile.<init>(ZipFile.java:177)
	at java.base/java.util.zip.ZipFile.<init>(ZipFile.java:191)
	at org.apache.derby.impl.io.JarStorageFactory.doInit(Unknown Source)
	at org.apache.derby.impl.io.BaseStorageFactory.init(Unknown Source)
	at org.apache.derby.impl.services.monitor.StorageFactoryService.privGetStorageFactoryInstance(Unknown Source)
	at org.apache.derby.impl.services.monitor.StorageFactoryService.access$400(Unknown Source)
	at org.apache.derby.impl.services.monitor.StorageFactoryService$11.run(Unknown Source)
	at java.base/java.security.AccessController.doPrivileged(Native Method)
	at org.apache.derby.impl.services.monitor.StorageFactoryService.getCanonicalServiceName(Unknown Source)
	at org.apache.derby.impl.services.monitor.BaseMonitor.findProviderAndStartService(Unknown Source)
	at org.apache.derby.impl.services.monitor.BaseMonitor.startPersistentService(Unknown Source)
	at org.apache.derby.iapi.services.monitor.Monitor.startPersistentService(Unknown Source)
	... 15 more
============= end nested exception, level (1) ===========
============= begin nested exception, level (2) ===========
java.sql.SQLException: Java exception: 'GitHubRepositories\edTAD_B2B\create-bridgedb-secondary2primary\output\hgnc_all_secIds: java.nio.file.NoSuchFileException'.
	at org.apache.derby.impl.jdbc.SQLExceptionFactory.getSQLException(Unknown Source)
	at org.apache.derby.impl.jdbc.SQLExceptionFactory40.wrapArgsForTransportAcrossDRDA(Unknown Source)
	at org.apache.derby.impl.jdbc.SQLExceptionFactory40.getSQLException(Unknown Source)
	at org.apache.derby.impl.jdbc.Util.newEmbedSQLException(Unknown Source)
	at org.apache.derby.impl.jdbc.Util.javaException(Unknown Source)
	at org.apache.derby.impl.jdbc.EmbedConnection.bootDatabase(Unknown Source)
	at org.apache.derby.impl.jdbc.EmbedConnection.<init>(Unknown Source)
	at org.apache.derby.impl.jdbc.EmbedConnection30.<init>(Unknown Source)
	at org.apache.derby.impl.jdbc.EmbedConnection40.<init>(Unknown Source)
	at org.apache.derby.jdbc.Driver40.getNewEmbedConnection(Unknown Source)
	at org.apache.derby.jdbc.InternalDriver.connect(Unknown Source)
	at org.apache.derby.jdbc.AutoloadedDriver.connect(Unknown Source)
	at java.sql/java.sql.DriverManager.getConnection(DriverManager.java:677)
	at java.sql/java.sql.DriverManager.getConnection(DriverManager.java:251)
	at org.bridgedb.rdb.SimpleGdbFactory.createInstance(SimpleGdbFactory.java:59)
	at java.base/jdk.internal.reflect.NativeMethodAccessorImpl.invoke0(Native Method)
	at java.base/jdk.internal.reflect.NativeMethodAccessorImpl.invoke(NativeMethodAccessorImpl.java:62)
	at java.base/jdk.internal.reflect.DelegatingMethodAccessorImpl.invoke(DelegatingMethodAccessorImpl.java:43)
	at java.base/java.lang.reflect.Method.invoke(Method.java:566)
	at RJavaTools.invokeMethod(RJavaTools.java:399)
Caused by: java.nio.file.NoSuchFileException: GitHubRepositories\edTAD_B2B\create-bridgedb-secondary2primary\output\hgnc_all_secIds
	at java.base/sun.nio.fs.WindowsException.translateToIOException(WindowsException.java:85)
	at java.base/sun.nio.fs.WindowsException.rethrowAsIOException(WindowsException.java:103)
	at java.base/sun.nio.fs.WindowsException.rethrowAsIOException(WindowsException.java:108)
	at java.base/sun.nio.fs.WindowsFileAttributeViews$Basic.readAttributes(WindowsFileAttributeViews.java:53)
	at java.base/sun.nio.fs.WindowsFileAttributeViews$Basic.readAttributes(WindowsFileAttributeViews.java:38)
	at java.base/sun.nio.fs.WindowsFileSystemProvider.readAttributes(WindowsFileSystemProvider.java:198)
	at java.base/java.nio.file.Files.readAttributes(Files.java:1764)
	at java.base/java.util.zip.ZipFile$Source.get(ZipFile.java:1250)
	at java.base/java.util.zip.ZipFile$CleanableResource.<init>(ZipFile.java:733)
	at java.base/java.util.zip.ZipFile$CleanableResource.get(ZipFile.java:842)
	at java.base/java.util.zip.ZipFile.<init>(ZipFile.java:248)
	at java.base/java.util.zip.ZipFile.<init>(ZipFile.java:177)
	at java.base/java.util.zip.ZipFile.<init>(ZipFile.java:191)
	at org.apache.derby.impl.io.JarStorageFactory.doInit(Unknown Source)
	at org.apache.derby.impl.io.BaseStorageFactory.init(Unknown Source)
	at org.apache.derby.impl.services.monitor.StorageFactoryService.privGetStorageFactoryInstance(Unknown Source)
	at org.apache.derby.impl.services.monitor.StorageFactoryService.access$400(Unknown Source)
	at org.apache.derby.impl.services.monitor.StorageFactoryService$11.run(Unknown Source)
	at java.base/java.security.AccessController.doPrivileged(Native Method)
	at org.apache.derby.impl.services.monitor.StorageFactoryService.getCanonicalServiceName(Unknown Source)
	at org.apache.derby.impl.services.monitor.BaseMonitor.findProviderAndStartService(Unknown Source)
	at org.apache.derby.impl.services.monitor.BaseMonitor.startPersistentService(Unknown Source)
	at org.apache.derby.iapi.services.monitor.Monitor.startPersistentService(Unknown Source)
	... 15 more
============= end nested exception, level (2) ===========
============= begin nested exception, level (3) ===========
java.nio.file.NoSuchFileException: GitHubRepositories\edTAD_B2B\create-bridgedb-secondary2primary\output\hgnc_all_secIds
	at java.base/sun.nio.fs.WindowsException.translateToIOException(WindowsException.java:85)
	at java.base/sun.nio.fs.WindowsException.rethrowAsIOException(WindowsException.java:103)
	at java.base/sun.nio.fs.WindowsException.rethrowAsIOException(WindowsException.java:108)
	at java.base/sun.nio.fs.WindowsFileAttributeViews$Basic.readAttributes(WindowsFileAttributeViews.java:53)
	at java.base/sun.nio.fs.WindowsFileAttributeViews$Basic.readAttributes(WindowsFileAttributeViews.java:38)
	at java.base/sun.nio.fs.WindowsFileSystemProvider.readAttributes(WindowsFileSystemProvider.java:198)
	at java.base/java.nio.file.Files.readAttributes(Files.java:1764)
	at java.base/java.util.zip.ZipFile$Source.get(ZipFile.java:1250)
	at java.base/java.util.zip.ZipFile$CleanableResource.<init>(ZipFile.java:733)
	at java.base/java.util.zip.ZipFile$CleanableResource.get(ZipFile.java:842)
	at java.base/java.util.zip.ZipFile.<init>(ZipFile.java:248)
	at java.base/java.util.zip.ZipFile.<init>(ZipFile.java:177)
	at java.base/java.util.zip.ZipFile.<init>(ZipFile.java:191)
	at org.apache.derby.impl.io.JarStorageFactory.doInit(Unknown Source)
	at org.apache.derby.impl.io.BaseStorageFactory.init(Unknown Source)
	at org.apache.derby.impl.services.monitor.StorageFactoryService.privGetStorageFactoryInstance(Unknown Source)
	at org.apache.derby.impl.services.monitor.StorageFactoryService.access$400(Unknown Source)
	at org.apache.derby.impl.services.monitor.StorageFactoryService$11.run(Unknown Source)
	at java.base/java.security.AccessController.doPrivileged(Native Method)
	at org.apache.derby.impl.services.monitor.StorageFactoryService.getCanonicalServiceName(Unknown Source)
	at org.apache.derby.impl.services.monitor.BaseMonitor.findProviderAndStartService(Unknown Source)
	at org.apache.derby.impl.services.monitor.BaseMonitor.startPersistentService(Unknown Source)
	at org.apache.derby.iapi.services.monitor.Monitor.startPersistentService(Unknown Source)
	at org.apache.derby.impl.jdbc.EmbedConnection.bootDatabase(Unknown Source)
	at org.apache.derby.impl.jdbc.EmbedConnection.<init>(Unknown Source)
	at org.apache.derby.impl.jdbc.EmbedConnection30.<init>(Unknown Source)
	at org.apache.derby.impl.jdbc.EmbedConnection40.<init>(Unknown Source)
	at org.apache.derby.jdbc.Driver40.getNewEmbedConnection(Unknown Source)
	at org.apache.derby.jdbc.InternalDriver.connect(Unknown Source)
	at org.apache.derby.jdbc.AutoloadedDriver.connect(Unknown Source)
	at java.sql/java.sql.DriverManager.getConnection(DriverManager.java:677)
	at java.sql/java.sql.DriverManager.getConnection(DriverManager.java:251)
	at org.bridgedb.rdb.SimpleGdbFactory.createInstance(SimpleGdbFactory.java:59)
	at java.base/jdk.internal.reflect.NativeMethodAccessorImpl.invoke0(Native Method)
	at java.base/jdk.internal.reflect.NativeMethodAccessorImpl.invoke(NativeMethodAccessorImpl.java:62)
	at java.base/jdk.internal.reflect.DelegatingMethodAccessorImpl.invoke(DelegatingMethodAccessorImpl.java:43)
	at java.base/java.lang.reflect.Method.invoke(Method.java:566)
	at RJavaTools.invokeMethod(RJavaTools.java:399)
============= end nested exception, level (3) ===========
Cleanup action completed
2022-07-08 08:36:30.947 GMT Thread[main,5,main] Cleanup action starting
java.sql.SQLException: Failed to start database 'jar:(GitHubRepositories/edTAD_B2B/create-bridgedb-secondary2primary/output/hgnc_all_secIds.bridge)database', see the next exception for details.
	at org.apache.derby.impl.jdbc.SQLExceptionFactory40.getSQLException(Unknown Source)
	at org.apache.derby.impl.jdbc.Util.newEmbedSQLException(Unknown Source)
	at org.apache.derby.impl.jdbc.Util.seeNextException(Unknown Source)
	at org.apache.derby.impl.jdbc.EmbedConnection.bootDatabase(Unknown Source)
	at org.apache.derby.impl.jdbc.EmbedConnection.<init>(Unknown Source)
	at org.apache.derby.impl.jdbc.EmbedConnection30.<init>(Unknown Source)
	at org.apache.derby.impl.jdbc.EmbedConnection40.<init>(Unknown Source)
	at org.apache.derby.jdbc.Driver40.getNewEmbedConnection(Unknown Source)
	at org.apache.derby.jdbc.InternalDriver.connect(Unknown Source)
	at org.apache.derby.jdbc.AutoloadedDriver.connect(Unknown Source)
	at java.sql/java.sql.DriverManager.getConnection(DriverManager.java:677)
	at java.sql/java.sql.DriverManager.getConnection(DriverManager.java:251)
	at org.bridgedb.rdb.SimpleGdbFactory.createInstance(SimpleGdbFactory.java:59)
	at java.base/jdk.internal.reflect.NativeMethodAccessorImpl.invoke0(Native Method)
	at java.base/jdk.internal.reflect.NativeMethodAccessorImpl.invoke(NativeMethodAccessorImpl.java:62)
	at java.base/jdk.internal.reflect.DelegatingMethodAccessorImpl.invoke(DelegatingMethodAccessorImpl.java:43)
	at java.base/java.lang.reflect.Method.invoke(Method.java:566)
	at RJavaTools.invokeMethod(RJavaTools.java:399)
Caused by: java.sql.SQLException: Failed to start database 'jar:(GitHubRepositories/edTAD_B2B/create-bridgedb-secondary2primary/output/hgnc_all_secIds.bridge)database', see the next exception for details.
	at org.apache.derby.impl.jdbc.SQLExceptionFactory.getSQLException(Unknown Source)
	at org.apache.derby.impl.jdbc.SQLExceptionFactory40.wrapArgsForTransportAcrossDRDA(Unknown Source)
	... 18 more
Caused by: java.sql.SQLException: Java exception: 'GitHubRepositories\edTAD_B2B\create-bridgedb-secondary2primary\output\hgnc_all_secIds.bridge: java.nio.file.NoSuchFileException'.
	at org.apache.derby.impl.jdbc.SQLExceptionFactory.getSQLException(Unknown Source)
	at org.apache.derby.impl.jdbc.SQLExceptionFactory40.wrapArgsForTransportAcrossDRDA(Unknown Source)
	at org.apache.derby.impl.jdbc.SQLExceptionFactory40.getSQLException(Unknown Source)
	at org.apache.derby.impl.jdbc.Util.newEmbedSQLException(Unknown Source)
	at org.apache.derby.impl.jdbc.Util.javaException(Unknown Source)
	... 15 more
Caused by: java.nio.file.NoSuchFileException: GitHubRepositories\edTAD_B2B\create-bridgedb-secondary2primary\output\hgnc_all_secIds.bridge
	at java.base/sun.nio.fs.WindowsException.translateToIOException(WindowsException.java:85)
	at java.base/sun.nio.fs.WindowsException.rethrowAsIOException(WindowsException.java:103)
	at java.base/sun.nio.fs.WindowsException.rethrowAsIOException(WindowsException.java:108)
	at java.base/sun.nio.fs.WindowsFileAttributeViews$Basic.readAttributes(WindowsFileAttributeViews.java:53)
	at java.base/sun.nio.fs.WindowsFileAttributeViews$Basic.readAttributes(WindowsFileAttributeViews.java:38)
	at java.base/sun.nio.fs.WindowsFileSystemProvider.readAttributes(WindowsFileSystemProvider.java:198)
	at java.base/java.nio.file.Files.readAttributes(Files.java:1764)
	at java.base/java.util.zip.ZipFile$Source.get(ZipFile.java:1250)
	at java.base/java.util.zip.ZipFile$CleanableResource.<init>(ZipFile.java:733)
	at java.base/java.util.zip.ZipFile$CleanableResource.get(ZipFile.java:842)
	at java.base/java.util.zip.ZipFile.<init>(ZipFile.java:248)
	at java.base/java.util.zip.ZipFile.<init>(ZipFile.java:177)
	at java.base/java.util.zip.ZipFile.<init>(ZipFile.java:191)
	at org.apache.derby.impl.io.JarStorageFactory.doInit(Unknown Source)
	at org.apache.derby.impl.io.BaseStorageFactory.init(Unknown Source)
	at org.apache.derby.impl.services.monitor.StorageFactoryService.privGetStorageFactoryInstance(Unknown Source)
	at org.apache.derby.impl.services.monitor.StorageFactoryService.access$400(Unknown Source)
	at org.apache.derby.impl.services.monitor.StorageFactoryService$11.run(Unknown Source)
	at java.base/java.security.AccessController.doPrivileged(Native Method)
	at org.apache.derby.impl.services.monitor.StorageFactoryService.getCanonicalServiceName(Unknown Source)
	at org.apache.derby.impl.services.monitor.BaseMonitor.findProviderAndStartService(Unknown Source)
	at org.apache.derby.impl.services.monitor.BaseMonitor.startPersistentService(Unknown Source)
	at org.apache.derby.iapi.services.monitor.Monitor.startPersistentService(Unknown Source)
	... 15 more
============= begin nested exception, level (1) ===========
java.sql.SQLException: Java exception: 'GitHubRepositories\edTAD_B2B\create-bridgedb-secondary2primary\output\hgnc_all_secIds.bridge: java.nio.file.NoSuchFileException'.
	at org.apache.derby.impl.jdbc.SQLExceptionFactory40.getSQLException(Unknown Source)
	at org.apache.derby.impl.jdbc.Util.newEmbedSQLException(Unknown Source)
	at org.apache.derby.impl.jdbc.Util.javaException(Unknown Source)
	at org.apache.derby.impl.jdbc.EmbedConnection.bootDatabase(Unknown Source)
	at org.apache.derby.impl.jdbc.EmbedConnection.<init>(Unknown Source)
	at org.apache.derby.impl.jdbc.EmbedConnection30.<init>(Unknown Source)
	at org.apache.derby.impl.jdbc.EmbedConnection40.<init>(Unknown Source)
	at org.apache.derby.jdbc.Driver40.getNewEmbedConnection(Unknown Source)
	at org.apache.derby.jdbc.InternalDriver.connect(Unknown Source)
	at org.apache.derby.jdbc.AutoloadedDriver.connect(Unknown Source)
	at java.sql/java.sql.DriverManager.getConnection(DriverManager.java:677)
	at java.sql/java.sql.DriverManager.getConnection(DriverManager.java:251)
	at org.bridgedb.rdb.SimpleGdbFactory.createInstance(SimpleGdbFactory.java:59)
	at java.base/jdk.internal.reflect.NativeMethodAccessorImpl.invoke0(Native Method)
	at java.base/jdk.internal.reflect.NativeMethodAccessorImpl.invoke(NativeMethodAccessorImpl.java:62)
	at java.base/jdk.internal.reflect.DelegatingMethodAccessorImpl.invoke(DelegatingMethodAccessorImpl.java:43)
	at java.base/java.lang.reflect.Method.invoke(Method.java:566)
	at RJavaTools.invokeMethod(RJavaTools.java:399)
Caused by: java.sql.SQLException: Java exception: 'GitHubRepositories\edTAD_B2B\create-bridgedb-secondary2primary\output\hgnc_all_secIds.bridge: java.nio.file.NoSuchFileException'.
	at org.apache.derby.impl.jdbc.SQLExceptionFactory.getSQLException(Unknown Source)
	at org.apache.derby.impl.jdbc.SQLExceptionFactory40.wrapArgsForTransportAcrossDRDA(Unknown Source)
	... 18 more
Caused by: java.nio.file.NoSuchFileException: GitHubRepositories\edTAD_B2B\create-bridgedb-secondary2primary\output\hgnc_all_secIds.bridge
	at java.base/sun.nio.fs.WindowsException.translateToIOException(WindowsException.java:85)
	at java.base/sun.nio.fs.WindowsException.rethrowAsIOException(WindowsException.java:103)
	at java.base/sun.nio.fs.WindowsException.rethrowAsIOException(WindowsException.java:108)
	at java.base/sun.nio.fs.WindowsFileAttributeViews$Basic.readAttributes(WindowsFileAttributeViews.java:53)
	at java.base/sun.nio.fs.WindowsFileAttributeViews$Basic.readAttributes(WindowsFileAttributeViews.java:38)
	at java.base/sun.nio.fs.WindowsFileSystemProvider.readAttributes(WindowsFileSystemProvider.java:198)
	at java.base/java.nio.file.Files.readAttributes(Files.java:1764)
	at java.base/java.util.zip.ZipFile$Source.get(ZipFile.java:1250)
	at java.base/java.util.zip.ZipFile$CleanableResource.<init>(ZipFile.java:733)
	at java.base/java.util.zip.ZipFile$CleanableResource.get(ZipFile.java:842)
	at java.base/java.util.zip.ZipFile.<init>(ZipFile.java:248)
	at java.base/java.util.zip.ZipFile.<init>(ZipFile.java:177)
	at java.base/java.util.zip.ZipFile.<init>(ZipFile.java:191)
	at org.apache.derby.impl.io.JarStorageFactory.doInit(Unknown Source)
	at org.apache.derby.impl.io.BaseStorageFactory.init(Unknown Source)
	at org.apache.derby.impl.services.monitor.StorageFactoryService.privGetStorageFactoryInstance(Unknown Source)
	at org.apache.derby.impl.services.monitor.StorageFactoryService.access$400(Unknown Source)
	at org.apache.derby.impl.services.monitor.StorageFactoryService$11.run(Unknown Source)
	at java.base/java.security.AccessController.doPrivileged(Native Method)
	at org.apache.derby.impl.services.monitor.StorageFactoryService.getCanonicalServiceName(Unknown Source)
	at org.apache.derby.impl.services.monitor.BaseMonitor.findProviderAndStartService(Unknown Source)
	at org.apache.derby.impl.services.monitor.BaseMonitor.startPersistentService(Unknown Source)
	at org.apache.derby.iapi.services.monitor.Monitor.startPersistentService(Unknown Source)
	... 15 more
============= end nested exception, level (1) ===========
============= begin nested exception, level (2) ===========
java.sql.SQLException: Java exception: 'GitHubRepositories\edTAD_B2B\create-bridgedb-secondary2primary\output\hgnc_all_secIds.bridge: java.nio.file.NoSuchFileException'.
	at org.apache.derby.impl.jdbc.SQLExceptionFactory.getSQLException(Unknown Source)
	at org.apache.derby.impl.jdbc.SQLExceptionFactory40.wrapArgsForTransportAcrossDRDA(Unknown Source)
	at org.apache.derby.impl.jdbc.SQLExceptionFactory40.getSQLException(Unknown Source)
	at org.apache.derby.impl.jdbc.Util.newEmbedSQLException(Unknown Source)
	at org.apache.derby.impl.jdbc.Util.javaException(Unknown Source)
	at org.apache.derby.impl.jdbc.EmbedConnection.bootDatabase(Unknown Source)
	at org.apache.derby.impl.jdbc.EmbedConnection.<init>(Unknown Source)
	at org.apache.derby.impl.jdbc.EmbedConnection30.<init>(Unknown Source)
	at org.apache.derby.impl.jdbc.EmbedConnection40.<init>(Unknown Source)
	at org.apache.derby.jdbc.Driver40.getNewEmbedConnection(Unknown Source)
	at org.apache.derby.jdbc.InternalDriver.connect(Unknown Source)
	at org.apache.derby.jdbc.AutoloadedDriver.connect(Unknown Source)
	at java.sql/java.sql.DriverManager.getConnection(DriverManager.java:677)
	at java.sql/java.sql.DriverManager.getConnection(DriverManager.java:251)
	at org.bridgedb.rdb.SimpleGdbFactory.createInstance(SimpleGdbFactory.java:59)
	at java.base/jdk.internal.reflect.NativeMethodAccessorImpl.invoke0(Native Method)
	at java.base/jdk.internal.reflect.NativeMethodAccessorImpl.invoke(NativeMethodAccessorImpl.java:62)
	at java.base/jdk.internal.reflect.DelegatingMethodAccessorImpl.invoke(DelegatingMethodAccessorImpl.java:43)
	at java.base/java.lang.reflect.Method.invoke(Method.java:566)
	at RJavaTools.invokeMethod(RJavaTools.java:399)
Caused by: java.nio.file.NoSuchFileException: GitHubRepositories\edTAD_B2B\create-bridgedb-secondary2primary\output\hgnc_all_secIds.bridge
	at java.base/sun.nio.fs.WindowsException.translateToIOException(WindowsException.java:85)
	at java.base/sun.nio.fs.WindowsException.rethrowAsIOException(WindowsException.java:103)
	at java.base/sun.nio.fs.WindowsException.rethrowAsIOException(WindowsException.java:108)
	at java.base/sun.nio.fs.WindowsFileAttributeViews$Basic.readAttributes(WindowsFileAttributeViews.java:53)
	at java.base/sun.nio.fs.WindowsFileAttributeViews$Basic.readAttributes(WindowsFileAttributeViews.java:38)
	at java.base/sun.nio.fs.WindowsFileSystemProvider.readAttributes(WindowsFileSystemProvider.java:198)
	at java.base/java.nio.file.Files.readAttributes(Files.java:1764)
	at java.base/java.util.zip.ZipFile$Source.get(ZipFile.java:1250)
	at java.base/java.util.zip.ZipFile$CleanableResource.<init>(ZipFile.java:733)
	at java.base/java.util.zip.ZipFile$CleanableResource.get(ZipFile.java:842)
	at java.base/java.util.zip.ZipFile.<init>(ZipFile.java:248)
	at java.base/java.util.zip.ZipFile.<init>(ZipFile.java:177)
	at java.base/java.util.zip.ZipFile.<init>(ZipFile.java:191)
	at org.apache.derby.impl.io.JarStorageFactory.doInit(Unknown Source)
	at org.apache.derby.impl.io.BaseStorageFactory.init(Unknown Source)
	at org.apache.derby.impl.services.monitor.StorageFactoryService.privGetStorageFactoryInstance(Unknown Source)
	at org.apache.derby.impl.services.monitor.StorageFactoryService.access$400(Unknown Source)
	at org.apache.derby.impl.services.monitor.StorageFactoryService$11.run(Unknown Source)
	at java.base/java.security.AccessController.doPrivileged(Native Method)
	at org.apache.derby.impl.services.monitor.StorageFactoryService.getCanonicalServiceName(Unknown Source)
	at org.apache.derby.impl.services.monitor.BaseMonitor.findProviderAndStartService(Unknown Source)
	at org.apache.derby.impl.services.monitor.BaseMonitor.startPersistentService(Unknown Source)
	at org.apache.derby.iapi.services.monitor.Monitor.startPersistentService(Unknown Source)
	... 15 more
============= end nested exception, level (2) ===========
============= begin nested exception, level (3) ===========
java.nio.file.NoSuchFileException: GitHubRepositories\edTAD_B2B\create-bridgedb-secondary2primary\output\hgnc_all_secIds.bridge
	at java.base/sun.nio.fs.WindowsException.translateToIOException(WindowsException.java:85)
	at java.base/sun.nio.fs.WindowsException.rethrowAsIOException(WindowsException.java:103)
	at java.base/sun.nio.fs.WindowsException.rethrowAsIOException(WindowsException.java:108)
	at java.base/sun.nio.fs.WindowsFileAttributeViews$Basic.readAttributes(WindowsFileAttributeViews.java:53)
	at java.base/sun.nio.fs.WindowsFileAttributeViews$Basic.readAttributes(WindowsFileAttributeViews.java:38)
	at java.base/sun.nio.fs.WindowsFileSystemProvider.readAttributes(WindowsFileSystemProvider.java:198)
	at java.base/java.nio.file.Files.readAttributes(Files.java:1764)
	at java.base/java.util.zip.ZipFile$Source.get(ZipFile.java:1250)
	at java.base/java.util.zip.ZipFile$CleanableResource.<init>(ZipFile.java:733)
	at java.base/java.util.zip.ZipFile$CleanableResource.get(ZipFile.java:842)
	at java.base/java.util.zip.ZipFile.<init>(ZipFile.java:248)
	at java.base/java.util.zip.ZipFile.<init>(ZipFile.java:177)
	at java.base/java.util.zip.ZipFile.<init>(ZipFile.java:191)
	at org.apache.derby.impl.io.JarStorageFactory.doInit(Unknown Source)
	at org.apache.derby.impl.io.BaseStorageFactory.init(Unknown Source)
	at org.apache.derby.impl.services.monitor.StorageFactoryService.privGetStorageFactoryInstance(Unknown Source)
	at org.apache.derby.impl.services.monitor.StorageFactoryService.access$400(Unknown Source)
	at org.apache.derby.impl.services.monitor.StorageFactoryService$11.run(Unknown Source)
	at java.base/java.security.AccessController.doPrivileged(Native Method)
	at org.apache.derby.impl.services.monitor.StorageFactoryService.getCanonicalServiceName(Unknown Source)
	at org.apache.derby.impl.services.monitor.BaseMonitor.findProviderAndStartService(Unknown Source)
	at org.apache.derby.impl.services.monitor.BaseMonitor.startPersistentService(Unknown Source)
	at org.apache.derby.iapi.services.monitor.Monitor.startPersistentService(Unknown Source)
	at org.apache.derby.impl.jdbc.EmbedConnection.bootDatabase(Unknown Source)
	at org.apache.derby.impl.jdbc.EmbedConnection.<init>(Unknown Source)
	at org.apache.derby.impl.jdbc.EmbedConnection30.<init>(Unknown Source)
	at org.apache.derby.impl.jdbc.EmbedConnection40.<init>(Unknown Source)
	at org.apache.derby.jdbc.Driver40.getNewEmbedConnection(Unknown Source)
	at org.apache.derby.jdbc.InternalDriver.connect(Unknown Source)
	at org.apache.derby.jdbc.AutoloadedDriver.connect(Unknown Source)
	at java.sql/java.sql.DriverManager.getConnection(DriverManager.java:677)
	at java.sql/java.sql.DriverManager.getConnection(DriverManager.java:251)
	at org.bridgedb.rdb.SimpleGdbFactory.createInstance(SimpleGdbFactory.java:59)
	at java.base/jdk.internal.reflect.NativeMethodAccessorImpl.invoke0(Native Method)
	at java.base/jdk.internal.reflect.NativeMethodAccessorImpl.invoke(NativeMethodAccessorImpl.java:62)
	at java.base/jdk.internal.reflect.DelegatingMethodAccessorImpl.invoke(DelegatingMethodAccessorImpl.java:43)
	at java.base/java.lang.reflect.Method.invoke(Method.java:566)
	at RJavaTools.invokeMethod(RJavaTools.java:399)
============= end nested exception, level (3) ===========
Cleanup action completed
2022-07-08 08:37:03.935 GMT Thread[main,5,main] Cleanup action starting
java.sql.SQLException: Failed to start database 'jar:(GitHubRepositories/edTAD_B2B/create-bridgedb-secondary2primary/output/hgnc_all_secIds.bridge)database', see the next exception for details.
	at org.apache.derby.impl.jdbc.SQLExceptionFactory40.getSQLException(Unknown Source)
	at org.apache.derby.impl.jdbc.Util.newEmbedSQLException(Unknown Source)
	at org.apache.derby.impl.jdbc.Util.seeNextException(Unknown Source)
	at org.apache.derby.impl.jdbc.EmbedConnection.bootDatabase(Unknown Source)
	at org.apache.derby.impl.jdbc.EmbedConnection.<init>(Unknown Source)
	at org.apache.derby.impl.jdbc.EmbedConnection30.<init>(Unknown Source)
	at org.apache.derby.impl.jdbc.EmbedConnection40.<init>(Unknown Source)
	at org.apache.derby.jdbc.Driver40.getNewEmbedConnection(Unknown Source)
	at org.apache.derby.jdbc.InternalDriver.connect(Unknown Source)
	at org.apache.derby.jdbc.AutoloadedDriver.connect(Unknown Source)
	at java.sql/java.sql.DriverManager.getConnection(DriverManager.java:677)
	at java.sql/java.sql.DriverManager.getConnection(DriverManager.java:251)
	at org.bridgedb.rdb.SimpleGdbFactory.createInstance(SimpleGdbFactory.java:59)
	at java.base/jdk.internal.reflect.NativeMethodAccessorImpl.invoke0(Native Method)
	at java.base/jdk.internal.reflect.NativeMethodAccessorImpl.invoke(NativeMethodAccessorImpl.java:62)
	at java.base/jdk.internal.reflect.DelegatingMethodAccessorImpl.invoke(DelegatingMethodAccessorImpl.java:43)
	at java.base/java.lang.reflect.Method.invoke(Method.java:566)
	at RJavaTools.invokeMethod(RJavaTools.java:399)
Caused by: java.sql.SQLException: Failed to start database 'jar:(GitHubRepositories/edTAD_B2B/create-bridgedb-secondary2primary/output/hgnc_all_secIds.bridge)database', see the next exception for details.
	at org.apache.derby.impl.jdbc.SQLExceptionFactory.getSQLException(Unknown Source)
	at org.apache.derby.impl.jdbc.SQLExceptionFactory40.wrapArgsForTransportAcrossDRDA(Unknown Source)
	... 18 more
Caused by: java.sql.SQLException: Java exception: 'GitHubRepositories\edTAD_B2B\create-bridgedb-secondary2primary\output\hgnc_all_secIds.bridge: java.nio.file.NoSuchFileException'.
	at org.apache.derby.impl.jdbc.SQLExceptionFactory.getSQLException(Unknown Source)
	at org.apache.derby.impl.jdbc.SQLExceptionFactory40.wrapArgsForTransportAcrossDRDA(Unknown Source)
	at org.apache.derby.impl.jdbc.SQLExceptionFactory40.getSQLException(Unknown Source)
	at org.apache.derby.impl.jdbc.Util.newEmbedSQLException(Unknown Source)
	at org.apache.derby.impl.jdbc.Util.javaException(Unknown Source)
	... 15 more
Caused by: java.nio.file.NoSuchFileException: GitHubRepositories\edTAD_B2B\create-bridgedb-secondary2primary\output\hgnc_all_secIds.bridge
	at java.base/sun.nio.fs.WindowsException.translateToIOException(WindowsException.java:85)
	at java.base/sun.nio.fs.WindowsException.rethrowAsIOException(WindowsException.java:103)
	at java.base/sun.nio.fs.WindowsException.rethrowAsIOException(WindowsException.java:108)
	at java.base/sun.nio.fs.WindowsFileAttributeViews$Basic.readAttributes(WindowsFileAttributeViews.java:53)
	at java.base/sun.nio.fs.WindowsFileAttributeViews$Basic.readAttributes(WindowsFileAttributeViews.java:38)
	at java.base/sun.nio.fs.WindowsFileSystemProvider.readAttributes(WindowsFileSystemProvider.java:198)
	at java.base/java.nio.file.Files.readAttributes(Files.java:1764)
	at java.base/java.util.zip.ZipFile$Source.get(ZipFile.java:1250)
	at java.base/java.util.zip.ZipFile$CleanableResource.<init>(ZipFile.java:733)
	at java.base/java.util.zip.ZipFile$CleanableResource.get(ZipFile.java:842)
	at java.base/java.util.zip.ZipFile.<init>(ZipFile.java:248)
	at java.base/java.util.zip.ZipFile.<init>(ZipFile.java:177)
	at java.base/java.util.zip.ZipFile.<init>(ZipFile.java:191)
	at org.apache.derby.impl.io.JarStorageFactory.doInit(Unknown Source)
	at org.apache.derby.impl.io.BaseStorageFactory.init(Unknown Source)
	at org.apache.derby.impl.services.monitor.StorageFactoryService.privGetStorageFactoryInstance(Unknown Source)
	at org.apache.derby.impl.services.monitor.StorageFactoryService.access$400(Unknown Source)
	at org.apache.derby.impl.services.monitor.StorageFactoryService$11.run(Unknown Source)
	at java.base/java.security.AccessController.doPrivileged(Native Method)
	at org.apache.derby.impl.services.monitor.StorageFactoryService.getCanonicalServiceName(Unknown Source)
	at org.apache.derby.impl.services.monitor.BaseMonitor.findProviderAndStartService(Unknown Source)
	at org.apache.derby.impl.services.monitor.BaseMonitor.startPersistentService(Unknown Source)
	at org.apache.derby.iapi.services.monitor.Monitor.startPersistentService(Unknown Source)
	... 15 more
============= begin nested exception, level (1) ===========
java.sql.SQLException: Java exception: 'GitHubRepositories\edTAD_B2B\create-bridgedb-secondary2primary\output\hgnc_all_secIds.bridge: java.nio.file.NoSuchFileException'.
	at org.apache.derby.impl.jdbc.SQLExceptionFactory40.getSQLException(Unknown Source)
	at org.apache.derby.impl.jdbc.Util.newEmbedSQLException(Unknown Source)
	at org.apache.derby.impl.jdbc.Util.javaException(Unknown Source)
	at org.apache.derby.impl.jdbc.EmbedConnection.bootDatabase(Unknown Source)
	at org.apache.derby.impl.jdbc.EmbedConnection.<init>(Unknown Source)
	at org.apache.derby.impl.jdbc.EmbedConnection30.<init>(Unknown Source)
	at org.apache.derby.impl.jdbc.EmbedConnection40.<init>(Unknown Source)
	at org.apache.derby.jdbc.Driver40.getNewEmbedConnection(Unknown Source)
	at org.apache.derby.jdbc.InternalDriver.connect(Unknown Source)
	at org.apache.derby.jdbc.AutoloadedDriver.connect(Unknown Source)
	at java.sql/java.sql.DriverManager.getConnection(DriverManager.java:677)
	at java.sql/java.sql.DriverManager.getConnection(DriverManager.java:251)
	at org.bridgedb.rdb.SimpleGdbFactory.createInstance(SimpleGdbFactory.java:59)
	at java.base/jdk.internal.reflect.NativeMethodAccessorImpl.invoke0(Native Method)
	at java.base/jdk.internal.reflect.NativeMethodAccessorImpl.invoke(NativeMethodAccessorImpl.java:62)
	at java.base/jdk.internal.reflect.DelegatingMethodAccessorImpl.invoke(DelegatingMethodAccessorImpl.java:43)
	at java.base/java.lang.reflect.Method.invoke(Method.java:566)
	at RJavaTools.invokeMethod(RJavaTools.java:399)
Caused by: java.sql.SQLException: Java exception: 'GitHubRepositories\edTAD_B2B\create-bridgedb-secondary2primary\output\hgnc_all_secIds.bridge: java.nio.file.NoSuchFileException'.
	at org.apache.derby.impl.jdbc.SQLExceptionFactory.getSQLException(Unknown Source)
	at org.apache.derby.impl.jdbc.SQLExceptionFactory40.wrapArgsForTransportAcrossDRDA(Unknown Source)
	... 18 more
Caused by: java.nio.file.NoSuchFileException: GitHubRepositories\edTAD_B2B\create-bridgedb-secondary2primary\output\hgnc_all_secIds.bridge
	at java.base/sun.nio.fs.WindowsException.translateToIOException(WindowsException.java:85)
	at java.base/sun.nio.fs.WindowsException.rethrowAsIOException(WindowsException.java:103)
	at java.base/sun.nio.fs.WindowsException.rethrowAsIOException(WindowsException.java:108)
	at java.base/sun.nio.fs.WindowsFileAttributeViews$Basic.readAttributes(WindowsFileAttributeViews.java:53)
	at java.base/sun.nio.fs.WindowsFileAttributeViews$Basic.readAttributes(WindowsFileAttributeViews.java:38)
	at java.base/sun.nio.fs.WindowsFileSystemProvider.readAttributes(WindowsFileSystemProvider.java:198)
	at java.base/java.nio.file.Files.readAttributes(Files.java:1764)
	at java.base/java.util.zip.ZipFile$Source.get(ZipFile.java:1250)
	at java.base/java.util.zip.ZipFile$CleanableResource.<init>(ZipFile.java:733)
	at java.base/java.util.zip.ZipFile$CleanableResource.get(ZipFile.java:842)
	at java.base/java.util.zip.ZipFile.<init>(ZipFile.java:248)
	at java.base/java.util.zip.ZipFile.<init>(ZipFile.java:177)
	at java.base/java.util.zip.ZipFile.<init>(ZipFile.java:191)
	at org.apache.derby.impl.io.JarStorageFactory.doInit(Unknown Source)
	at org.apache.derby.impl.io.BaseStorageFactory.init(Unknown Source)
	at org.apache.derby.impl.services.monitor.StorageFactoryService.privGetStorageFactoryInstance(Unknown Source)
	at org.apache.derby.impl.services.monitor.StorageFactoryService.access$400(Unknown Source)
	at org.apache.derby.impl.services.monitor.StorageFactoryService$11.run(Unknown Source)
	at java.base/java.security.AccessController.doPrivileged(Native Method)
	at org.apache.derby.impl.services.monitor.StorageFactoryService.getCanonicalServiceName(Unknown Source)
	at org.apache.derby.impl.services.monitor.BaseMonitor.findProviderAndStartService(Unknown Source)
	at org.apache.derby.impl.services.monitor.BaseMonitor.startPersistentService(Unknown Source)
	at org.apache.derby.iapi.services.monitor.Monitor.startPersistentService(Unknown Source)
	... 15 more
============= end nested exception, level (1) ===========
============= begin nested exception, level (2) ===========
java.sql.SQLException: Java exception: 'GitHubRepositories\edTAD_B2B\create-bridgedb-secondary2primary\output\hgnc_all_secIds.bridge: java.nio.file.NoSuchFileException'.
	at org.apache.derby.impl.jdbc.SQLExceptionFactory.getSQLException(Unknown Source)
	at org.apache.derby.impl.jdbc.SQLExceptionFactory40.wrapArgsForTransportAcrossDRDA(Unknown Source)
	at org.apache.derby.impl.jdbc.SQLExceptionFactory40.getSQLException(Unknown Source)
	at org.apache.derby.impl.jdbc.Util.newEmbedSQLException(Unknown Source)
	at org.apache.derby.impl.jdbc.Util.javaException(Unknown Source)
	at org.apache.derby.impl.jdbc.EmbedConnection.bootDatabase(Unknown Source)
	at org.apache.derby.impl.jdbc.EmbedConnection.<init>(Unknown Source)
	at org.apache.derby.impl.jdbc.EmbedConnection30.<init>(Unknown Source)
	at org.apache.derby.impl.jdbc.EmbedConnection40.<init>(Unknown Source)
	at org.apache.derby.jdbc.Driver40.getNewEmbedConnection(Unknown Source)
	at org.apache.derby.jdbc.InternalDriver.connect(Unknown Source)
	at org.apache.derby.jdbc.AutoloadedDriver.connect(Unknown Source)
	at java.sql/java.sql.DriverManager.getConnection(DriverManager.java:677)
	at java.sql/java.sql.DriverManager.getConnection(DriverManager.java:251)
	at org.bridgedb.rdb.SimpleGdbFactory.createInstance(SimpleGdbFactory.java:59)
	at java.base/jdk.internal.reflect.NativeMethodAccessorImpl.invoke0(Native Method)
	at java.base/jdk.internal.reflect.NativeMethodAccessorImpl.invoke(NativeMethodAccessorImpl.java:62)
	at java.base/jdk.internal.reflect.DelegatingMethodAccessorImpl.invoke(DelegatingMethodAccessorImpl.java:43)
	at java.base/java.lang.reflect.Method.invoke(Method.java:566)
	at RJavaTools.invokeMethod(RJavaTools.java:399)
Caused by: java.nio.file.NoSuchFileException: GitHubRepositories\edTAD_B2B\create-bridgedb-secondary2primary\output\hgnc_all_secIds.bridge
	at java.base/sun.nio.fs.WindowsException.translateToIOException(WindowsException.java:85)
	at java.base/sun.nio.fs.WindowsException.rethrowAsIOException(WindowsException.java:103)
	at java.base/sun.nio.fs.WindowsException.rethrowAsIOException(WindowsException.java:108)
	at java.base/sun.nio.fs.WindowsFileAttributeViews$Basic.readAttributes(WindowsFileAttributeViews.java:53)
	at java.base/sun.nio.fs.WindowsFileAttributeViews$Basic.readAttributes(WindowsFileAttributeViews.java:38)
	at java.base/sun.nio.fs.WindowsFileSystemProvider.readAttributes(WindowsFileSystemProvider.java:198)
	at java.base/java.nio.file.Files.readAttributes(Files.java:1764)
	at java.base/java.util.zip.ZipFile$Source.get(ZipFile.java:1250)
	at java.base/java.util.zip.ZipFile$CleanableResource.<init>(ZipFile.java:733)
	at java.base/java.util.zip.ZipFile$CleanableResource.get(ZipFile.java:842)
	at java.base/java.util.zip.ZipFile.<init>(ZipFile.java:248)
	at java.base/java.util.zip.ZipFile.<init>(ZipFile.java:177)
	at java.base/java.util.zip.ZipFile.<init>(ZipFile.java:191)
	at org.apache.derby.impl.io.JarStorageFactory.doInit(Unknown Source)
	at org.apache.derby.impl.io.BaseStorageFactory.init(Unknown Source)
	at org.apache.derby.impl.services.monitor.StorageFactoryService.privGetStorageFactoryInstance(Unknown Source)
	at org.apache.derby.impl.services.monitor.StorageFactoryService.access$400(Unknown Source)
	at org.apache.derby.impl.services.monitor.StorageFactoryService$11.run(Unknown Source)
	at java.base/java.security.AccessController.doPrivileged(Native Method)
	at org.apache.derby.impl.services.monitor.StorageFactoryService.getCanonicalServiceName(Unknown Source)
	at org.apache.derby.impl.services.monitor.BaseMonitor.findProviderAndStartService(Unknown Source)
	at org.apache.derby.impl.services.monitor.BaseMonitor.startPersistentService(Unknown Source)
	at org.apache.derby.iapi.services.monitor.Monitor.startPersistentService(Unknown Source)
	... 15 more
============= end nested exception, level (2) ===========
============= begin nested exception, level (3) ===========
java.nio.file.NoSuchFileException: GitHubRepositories\edTAD_B2B\create-bridgedb-secondary2primary\output\hgnc_all_secIds.bridge
	at java.base/sun.nio.fs.WindowsException.translateToIOException(WindowsException.java:85)
	at java.base/sun.nio.fs.WindowsException.rethrowAsIOException(WindowsException.java:103)
	at java.base/sun.nio.fs.WindowsException.rethrowAsIOException(WindowsException.java:108)
	at java.base/sun.nio.fs.WindowsFileAttributeViews$Basic.readAttributes(WindowsFileAttributeViews.java:53)
	at java.base/sun.nio.fs.WindowsFileAttributeViews$Basic.readAttributes(WindowsFileAttributeViews.java:38)
	at java.base/sun.nio.fs.WindowsFileSystemProvider.readAttributes(WindowsFileSystemProvider.java:198)
	at java.base/java.nio.file.Files.readAttributes(Files.java:1764)
	at java.base/java.util.zip.ZipFile$Source.get(ZipFile.java:1250)
	at java.base/java.util.zip.ZipFile$CleanableResource.<init>(ZipFile.java:733)
	at java.base/java.util.zip.ZipFile$CleanableResource.get(ZipFile.java:842)
	at java.base/java.util.zip.ZipFile.<init>(ZipFile.java:248)
	at java.base/java.util.zip.ZipFile.<init>(ZipFile.java:177)
	at java.base/java.util.zip.ZipFile.<init>(ZipFile.java:191)
	at org.apache.derby.impl.io.JarStorageFactory.doInit(Unknown Source)
	at org.apache.derby.impl.io.BaseStorageFactory.init(Unknown Source)
	at org.apache.derby.impl.services.monitor.StorageFactoryService.privGetStorageFactoryInstance(Unknown Source)
	at org.apache.derby.impl.services.monitor.StorageFactoryService.access$400(Unknown Source)
	at org.apache.derby.impl.services.monitor.StorageFactoryService$11.run(Unknown Source)
	at java.base/java.security.AccessController.doPrivileged(Native Method)
	at org.apache.derby.impl.services.monitor.StorageFactoryService.getCanonicalServiceName(Unknown Source)
	at org.apache.derby.impl.services.monitor.BaseMonitor.findProviderAndStartService(Unknown Source)
	at org.apache.derby.impl.services.monitor.BaseMonitor.startPersistentService(Unknown Source)
	at org.apache.derby.iapi.services.monitor.Monitor.startPersistentService(Unknown Source)
	at org.apache.derby.impl.jdbc.EmbedConnection.bootDatabase(Unknown Source)
	at org.apache.derby.impl.jdbc.EmbedConnection.<init>(Unknown Source)
	at org.apache.derby.impl.jdbc.EmbedConnection30.<init>(Unknown Source)
	at org.apache.derby.impl.jdbc.EmbedConnection40.<init>(Unknown Source)
	at org.apache.derby.jdbc.Driver40.getNewEmbedConnection(Unknown Source)
	at org.apache.derby.jdbc.InternalDriver.connect(Unknown Source)
	at org.apache.derby.jdbc.AutoloadedDriver.connect(Unknown Source)
	at java.sql/java.sql.DriverManager.getConnection(DriverManager.java:677)
	at java.sql/java.sql.DriverManager.getConnection(DriverManager.java:251)
	at org.bridgedb.rdb.SimpleGdbFactory.createInstance(SimpleGdbFactory.java:59)
	at java.base/jdk.internal.reflect.NativeMethodAccessorImpl.invoke0(Native Method)
	at java.base/jdk.internal.reflect.NativeMethodAccessorImpl.invoke(NativeMethodAccessorImpl.java:62)
	at java.base/jdk.internal.reflect.DelegatingMethodAccessorImpl.invoke(DelegatingMethodAccessorImpl.java:43)
	at java.base/java.lang.reflect.Method.invoke(Method.java:566)
	at RJavaTools.invokeMethod(RJavaTools.java:399)
============= end nested exception, level (3) ===========
Cleanup action completed
----------------------------------------------------------------
2022-07-08 08:37:28.315 GMT:
 Booting Derby version The Apache Software Foundation - Apache Derby - 10.5.3.0 - (802917): instance a816c00e-0181-dcf2-fdf1-00000eb05320
on database directory jar:(D:\bridgeDb\GitHubRepositories\edTAD_B2B\create-bridgedb-secondary2primary\output\hgnc_all_secIds.bridge)database in READ ONLY mode 

Database Class Loader started - derby.database.classpath=''
